<?xml version="1.0" encoding="UTF-8"?>
<!-- Generated by org.testng.reporters.JUnitXMLReporter -->
<testsuite ignored="0" hostname="DESKTOP-DJ4FDME" failures="0" tests="3" name="Default test" time="22.883" errors="0" timestamp="2024-08-13T22:13:30 IST">
  <testcase classname="org.wipro.fedexcouw.testcases.LoginScenario" name="tc001_loginfunctionality" time="0.608"/>
  <testcase classname="org.wipro.fedexcouw.testcases.LoginScenario" name="tc001_loginfunctionality" time="10.741"/>
  <testcase classname="org.wipro.fedexcouw.testcases.LoginScenario" name="tc001_loginfunctionality" time="0.636"/>
</testsuite> <!-- Default test -->
