<?xml version="1.0" encoding="UTF-8"?>
<!-- Generated by org.testng.reporters.JUnitXMLReporter -->
<testsuite ignored="2" hostname="DESKTOP-DJ4FDME" failures="0" tests="2" name="Test" time="21.654" errors="0" timestamp="2024-08-09T21:43:00 IST">
  <testcase classname="org.xyz.auto.prj.KeyboardMouse" name="handleAlerts" time="4.857"/>
  <testcase classname="org.xyz.auto.prj.KeyboardMouse" name="handleFrames" time="16.711"/>
  <testcase classname="org.xyz.auto.prj.KeyboardMouse" name="handleKeyboard" time="0.0">
    <ignored/>
  </testcase> <!-- handleKeyboard -->
  <testcase classname="org.xyz.auto.prj.KeyboardMouse" name="handlemouse" time="0.0">
    <ignored/>
  </testcase> <!-- handlemouse -->
</testsuite> <!-- Test -->
